[2025-10-30 16:33:54,086] [INFO] employee_creation: [TEMP PASSWORD BACKFILL] EmpID: EMP0001 | Email: admin@example.com | Role: Admin | TempPassword: QsJhzGf1
[2025-10-30 16:33:56,465] [INFO] employee_creation: [TEMP PASSWORD BACKFILL] EmpID: EMP0002 | Email: hr.manager@example.com | Role: Manager | TempPassword: CwFxngHK
[2025-10-30 16:33:58,922] [INFO] employee_creation: [TEMP PASSWORD BACKFILL] EmpID: EMP0003 | Email: eng.manager@example.com | Role: Manager | TempPassword: okmEogIx
[2025-10-30 16:34:01,596] [INFO] employee_creation: [TEMP PASSWORD BACKFILL] EmpID: EMP0004 | Email: sales.manager@example.com | Role: Manager | TempPassword: ugaxht&N
[2025-10-30 16:34:04,124] [INFO] employee_creation: [TEMP PASSWORD BACKFILL] EmpID: EMP0005 | Email: mkt.manager@example.com | Role: Manager | TempPassword: eXGK0pLZ
[2025-10-30 16:34:06,699] [INFO] employee_creation: [TEMP PASSWORD BACKFILL] EmpID: EMP0006 | Email: fin.manager@example.com | Role: Manager | TempPassword: BqA@roax
[2025-10-30 16:34:09,502] [INFO] employee_creation: [TEMP PASSWORD BACKFILL] EmpID: EMP0007 | Email: hr.emp1@example.com | Role: Employee | TempPassword: Py@ew%8#
[2025-10-30 16:34:12,132] [INFO] employee_creation: [TEMP PASSWORD BACKFILL] EmpID: EMP0008 | Email: hr.emp2@example.com | Role: Employee | TempPassword: vqsVNOXd
[2025-10-30 16:34:14,674] [INFO] employee_creation: [TEMP PASSWORD BACKFILL] EmpID: EMP0009 | Email: hr.emp3@example.com | Role: Employee | TempPassword: g5r4gB9V
[2025-10-30 16:34:17,331] [INFO] employee_creation: [TEMP PASSWORD BACKFILL] EmpID: EMP0010 | Email: hr.emp4@example.com | Role: Employee | TempPassword: BJUJ0Kqz
[2025-10-30 16:34:19,999] [INFO] employee_creation: [TEMP PASSWORD BACKFILL] EmpID: EMP0011 | Email: hr.emp5@example.com | Role: Employee | TempPassword: *5SZL2$g
[2025-10-30 16:34:22,649] [INFO] employee_creation: [TEMP PASSWORD BACKFILL] EmpID: EMP0012 | Email: hr.emp6@example.com | Role: Employee | TempPassword: w%bg8xx4
[2025-10-30 16:34:25,290] [INFO] employee_creation: [TEMP PASSWORD BACKFILL] EmpID: EMP0013 | Email: eng.emp1@example.com | Role: Employee | TempPassword: TGjEWaJa
[2025-10-30 16:34:27,925] [INFO] employee_creation: [TEMP PASSWORD BACKFILL] EmpID: EMP0014 | Email: eng.emp2@example.com | Role: Employee | TempPassword: RDQaHEZl
[2025-10-30 16:34:30,667] [INFO] employee_creation: [TEMP PASSWORD BACKFILL] EmpID: EMP0015 | Email: eng.emp3@example.com | Role: Employee | TempPassword: K*Dxfr#D
[2025-10-30 16:34:33,247] [INFO] employee_creation: [TEMP PASSWORD BACKFILL] EmpID: EMP0016 | Email: eng.emp4@example.com | Role: Employee | TempPassword: v2%dwB&$
[2025-10-30 16:34:35,848] [INFO] employee_creation: [TEMP PASSWORD BACKFILL] EmpID: EMP0017 | Email: eng.emp5@example.com | Role: Employee | TempPassword: uA3XdYbe
[2025-10-30 16:34:38,506] [INFO] employee_creation: [TEMP PASSWORD BACKFILL] EmpID: EMP0018 | Email: eng.emp6@example.com | Role: Employee | TempPassword: EL4GrPfv
[2025-10-30 16:34:41,097] [INFO] employee_creation: [TEMP PASSWORD BACKFILL] EmpID: EMP0019 | Email: sales.emp1@example.com | Role: Employee | TempPassword: frJCLMW3
[2025-10-30 16:34:43,695] [INFO] employee_creation: [TEMP PASSWORD BACKFILL] EmpID: EMP0020 | Email: sales.emp2@example.com | Role: Employee | TempPassword: t4foxKqL
[2025-10-30 16:34:46,241] [INFO] employee_creation: [TEMP PASSWORD BACKFILL] EmpID: EMP0021 | Email: sales.emp3@example.com | Role: Employee | TempPassword: qRgWRAkq
[2025-10-30 16:34:48,908] [INFO] employee_creation: [TEMP PASSWORD BACKFILL] EmpID: EMP0022 | Email: sales.emp4@example.com | Role: Employee | TempPassword: arm&Gw7*
[2025-10-30 16:34:51,448] [INFO] employee_creation: [TEMP PASSWORD BACKFILL] EmpID: EMP0023 | Email: sales.emp5@example.com | Role: Employee | TempPassword: NRLHk0xO
[2025-10-30 16:34:54,045] [INFO] employee_creation: [TEMP PASSWORD BACKFILL] EmpID: EMP0024 | Email: sales.emp6@example.com | Role: Employee | TempPassword: FxUQ@ioq
[2025-10-30 16:34:56,705] [INFO] employee_creation: [TEMP PASSWORD BACKFILL] EmpID: EMP0025 | Email: mkt.emp1@example.com | Role: Employee | TempPassword: 81zih$kf
[2025-10-30 16:34:59,501] [INFO] employee_creation: [TEMP PASSWORD BACKFILL] EmpID: EMP0026 | Email: mkt.emp2@example.com | Role: Employee | TempPassword: yrIKUxu7
[2025-10-30 16:35:07,074] [INFO] employee_creation: [TEMP PASSWORD BACKFILL] EmpID: EMP0027 | Email: mkt.emp3@example.com | Role: Employee | TempPassword: Sxf7k&3p
[2025-10-30 16:35:13,605] [INFO] employee_creation: [TEMP PASSWORD BACKFILL] EmpID: EMP0028 | Email: mkt.emp4@example.com | Role: Employee | TempPassword: wzUjd$Q8
[2025-10-30 16:35:18,583] [INFO] employee_creation: [TEMP PASSWORD BACKFILL] EmpID: EMP0029 | Email: mkt.emp5@example.com | Role: Employee | TempPassword: N%3k0SRw
[2025-10-30 16:35:22,362] [INFO] employee_creation: [TEMP PASSWORD BACKFILL] EmpID: EMP0030 | Email: mkt.emp6@example.com | Role: Employee | TempPassword: 6OgoqL@b
[2025-10-30 16:35:24,856] [INFO] employee_creation: [TEMP PASSWORD BACKFILL] EmpID: EMP0031 | Email: fin.emp1@example.com | Role: Employee | TempPassword: %dgf&CeZ
[2025-10-30 16:35:27,384] [INFO] employee_creation: [TEMP PASSWORD BACKFILL] EmpID: EMP0032 | Email: fin.emp2@example.com | Role: Employee | TempPassword: QA7B21PR
[2025-10-30 16:35:29,915] [INFO] employee_creation: [TEMP PASSWORD BACKFILL] EmpID: EMP0033 | Email: fin.emp3@example.com | Role: Employee | TempPassword: YwziyKLc
[2025-10-30 16:35:32,696] [INFO] employee_creation: [TEMP PASSWORD BACKFILL] EmpID: EMP0034 | Email: fin.emp4@example.com | Role: Employee | TempPassword: sL&vLfY0
[2025-10-30 16:35:35,241] [INFO] employee_creation: [TEMP PASSWORD BACKFILL] EmpID: EMP0035 | Email: fin.emp5@example.com | Role: Employee | TempPassword: TW1lbRDb
[2025-10-30 16:35:37,928] [INFO] employee_creation: [TEMP PASSWORD BACKFILL] EmpID: EMP0036 | Email: fin.emp6@example.com | Role: Employee | TempPassword: N7eW9Db6
